2020-08-15 11:09:31,917 :INFO : test_e2e :getting all the card titles
2020-08-15 11:09:31,951 :INFO : test_e2e :card name is :iphone X
2020-08-15 11:09:31,982 :INFO : test_e2e :card name is :Samsung Note 8
2020-08-15 11:09:32,004 :INFO : test_e2e :card name is :Nokia Edge
2020-08-15 11:09:32,026 :INFO : test_e2e :card name is :Blackberry
2020-08-15 11:09:40,298 :INFO : test_e2e :entering country name as India
2020-08-15 11:09:45,654 :INFO : test_e2e :verifying by searching for success word
2020-08-15 11:18:52,879 :INFO : test_e2e :getting all the card titles
2020-08-15 11:18:52,915 :INFO : test_e2e :card name is :iphone X
2020-08-15 11:18:52,937 :INFO : test_e2e :card name is :Samsung Note 8
2020-08-15 11:18:52,958 :INFO : test_e2e :card name is :Nokia Edge
2020-08-15 11:18:52,983 :INFO : test_e2e :card name is :Blackberry
2020-08-15 11:19:01,234 :INFO : test_e2e :entering country name as India
2020-08-15 11:19:06,561 :INFO : test_e2e :verifying by searching for success word
2020-08-15 11:20:41,148 :INFO : test_formSubmission :entering firstname and lastname/email : rakesheshwar
2020-08-15 11:20:41,316 :INFO : test_formSubmission :entering firstname and lastname/email : rakhithashetty
2020-08-15 11:20:41,316 :INFO : test_formSubmission :entering firstname and lastname/email : rakhithashetty
2020-08-15 11:20:48,122 :INFO : test_e2e :getting all the card titles
2020-08-15 11:20:48,157 :INFO : test_e2e :card name is :iphone X
2020-08-15 11:20:48,180 :INFO : test_e2e :card name is :Samsung Note 8
2020-08-15 11:20:48,202 :INFO : test_e2e :card name is :Nokia Edge
2020-08-15 11:20:48,224 :INFO : test_e2e :card name is :Blackberry
2020-08-15 11:20:56,471 :INFO : test_e2e :entering country name as India
2020-08-15 11:21:01,789 :INFO : test_e2e :verifying by searching for success word
2020-08-15 11:21:26,310 :INFO : test_formSubmission :entering firstname and lastname/email : rakesheshwar
2020-08-15 11:21:26,476 :INFO : test_formSubmission :entering password as '123' 
2020-08-15 11:21:28,559 :INFO : test_formSubmission :Selecting Gender
2020-08-15 11:21:30,848 :INFO : test_formSubmission :entering firstname and lastname/email : rakhithashetty
2020-08-15 11:21:30,848 :INFO : test_formSubmission :entering firstname and lastname/email : rakhithashetty
2020-08-15 11:21:30,989 :INFO : test_formSubmission :entering password as '123' 
2020-08-15 11:21:30,989 :INFO : test_formSubmission :entering password as '123' 
2020-08-15 11:21:33,071 :INFO : test_formSubmission :Selecting Gender
2020-08-15 11:21:33,071 :INFO : test_formSubmission :Selecting Gender
2020-08-15 11:21:42,123 :INFO : test_e2e :getting all the card titles
2020-08-15 11:21:42,158 :INFO : test_e2e :card name is :iphone X
2020-08-15 11:21:42,180 :INFO : test_e2e :card name is :Samsung Note 8
2020-08-15 11:21:42,202 :INFO : test_e2e :card name is :Nokia Edge
2020-08-15 11:21:42,223 :INFO : test_e2e :card name is :Blackberry
2020-08-15 11:21:50,476 :INFO : test_e2e :entering country name as India
2020-08-15 11:21:55,805 :INFO : test_e2e :verifying by searching for success word
2020-08-15 12:04:39,934 :INFO : test_formSubmission :entering firstname and lastname/email : rakesheshwar
2020-08-15 12:04:40,091 :INFO : test_formSubmission :entering password as '123' 
2020-08-15 12:04:42,177 :INFO : test_formSubmission :Selecting Gender
2020-08-15 12:04:44,556 :INFO : test_formSubmission :entering firstname and lastname/email : rakhithashetty
2020-08-15 12:04:44,556 :INFO : test_formSubmission :entering firstname and lastname/email : rakhithashetty
2020-08-15 12:04:44,704 :INFO : test_formSubmission :entering password as '123' 
2020-08-15 12:04:44,704 :INFO : test_formSubmission :entering password as '123' 
2020-08-15 12:04:46,789 :INFO : test_formSubmission :Selecting Gender
2020-08-15 12:04:46,789 :INFO : test_formSubmission :Selecting Gender
2020-08-15 12:04:56,129 :INFO : test_e2e :getting all the card titles
2020-08-15 12:04:56,164 :INFO : test_e2e :card name is :iphone X
2020-08-15 12:04:56,186 :INFO : test_e2e :card name is :Samsung Note 8
2020-08-15 12:04:56,208 :INFO : test_e2e :card name is :Nokia Edge
2020-08-15 12:04:56,230 :INFO : test_e2e :card name is :Blackberry
2020-08-15 12:05:04,479 :INFO : test_e2e :entering country name as India
2020-08-15 12:05:09,815 :INFO : test_e2e :verifying by searching for success word
2020-08-15 17:41:23,982 :INFO : test_formSubmission :entering firstname and lastname/email : rakesheshwar
2020-08-15 17:41:24,154 :INFO : test_formSubmission :entering password as '123' 
2020-08-15 17:41:26,242 :INFO : test_formSubmission :Selecting Gender
2020-08-15 17:41:28,632 :INFO : test_formSubmission :entering firstname and lastname/email : rakhithashetty
2020-08-15 17:41:28,632 :INFO : test_formSubmission :entering firstname and lastname/email : rakhithashetty
2020-08-15 17:41:28,782 :INFO : test_formSubmission :entering password as '123' 
2020-08-15 17:41:28,782 :INFO : test_formSubmission :entering password as '123' 
2020-08-15 17:41:30,869 :INFO : test_formSubmission :Selecting Gender
2020-08-15 17:41:30,869 :INFO : test_formSubmission :Selecting Gender
2020-08-15 17:41:41,313 :INFO : test_e2e :getting all the card titles
2020-08-15 17:41:41,347 :INFO : test_e2e :card name is :iphone X
2020-08-15 17:41:41,366 :INFO : test_e2e :card name is :Samsung Note 8
2020-08-15 17:41:41,387 :INFO : test_e2e :card name is :Nokia Edge
2020-08-15 17:41:41,408 :INFO : test_e2e :card name is :Blackberry
2020-08-15 17:41:49,676 :INFO : test_e2e :entering country name as India
2020-08-15 17:41:55,015 :INFO : test_e2e :verifying by searching for success word
2020-08-15 17:47:16,890 :INFO : test_formSubmission :entering firstname and lastname/email : rakesheshwar
2020-08-15 17:47:17,050 :INFO : test_formSubmission :entering password as '123' 
2020-08-15 17:47:19,128 :INFO : test_formSubmission :Selecting Gender
2020-08-15 17:47:21,420 :INFO : test_formSubmission :entering firstname and lastname/email : rakhithashetty
2020-08-15 17:47:21,420 :INFO : test_formSubmission :entering firstname and lastname/email : rakhithashetty
2020-08-15 17:47:21,559 :INFO : test_formSubmission :entering password as '123' 
2020-08-15 17:47:21,559 :INFO : test_formSubmission :entering password as '123' 
2020-08-15 17:47:23,646 :INFO : test_formSubmission :Selecting Gender
2020-08-15 17:47:23,646 :INFO : test_formSubmission :Selecting Gender
2020-08-15 17:47:33,289 :INFO : test_e2e :getting all the card titles
2020-08-15 17:47:33,323 :INFO : test_e2e :card name is :iphone X
2020-08-15 17:47:33,344 :INFO : test_e2e :card name is :Samsung Note 8
2020-08-15 17:47:33,366 :INFO : test_e2e :card name is :Nokia Edge
2020-08-15 17:47:33,387 :INFO : test_e2e :card name is :Blackberry
2020-08-15 17:47:41,643 :INFO : test_e2e :entering country name as India
2020-08-15 17:47:46,982 :INFO : test_e2e :verifying by searching for success word
2020-08-15 17:58:47,289 :INFO : test_formSubmission :entering firstname and lastname/email : rakesheshwar
2020-08-15 17:58:47,473 :INFO : test_formSubmission :entering password as '123' 
2020-08-15 17:58:49,571 :INFO : test_formSubmission :Selecting Gender
2020-08-15 17:58:51,903 :INFO : test_formSubmission :entering firstname and lastname/email : rakhithashetty
2020-08-15 17:58:51,903 :INFO : test_formSubmission :entering firstname and lastname/email : rakhithashetty
2020-08-15 17:58:52,047 :INFO : test_formSubmission :entering password as '123' 
2020-08-15 17:58:52,047 :INFO : test_formSubmission :entering password as '123' 
2020-08-15 17:58:54,112 :INFO : test_formSubmission :Selecting Gender
2020-08-15 17:58:54,112 :INFO : test_formSubmission :Selecting Gender
2020-08-15 17:59:05,471 :INFO : test_e2e :getting all the card titles
2020-08-15 17:59:05,505 :INFO : test_e2e :card name is :iphone X
2020-08-15 17:59:05,527 :INFO : test_e2e :card name is :Samsung Note 8
2020-08-15 17:59:05,550 :INFO : test_e2e :card name is :Nokia Edge
2020-08-15 17:59:05,572 :INFO : test_e2e :card name is :Blackberry
2020-08-15 17:59:13,824 :INFO : test_e2e :entering country name as India
2020-08-15 17:59:19,167 :INFO : test_e2e :verifying by searching for success word
2020-08-15 18:20:40,041 :INFO : test_formSubmission :entering firstname and lastname/email : rakesheshwar
2020-08-15 18:20:40,256 :INFO : test_formSubmission :entering password as '123' 
2020-08-15 18:20:42,379 :INFO : test_formSubmission :Selecting Gender
2020-08-15 18:20:44,761 :INFO : test_formSubmission :entering firstname and lastname/email : rakhithashetty
2020-08-15 18:20:44,761 :INFO : test_formSubmission :entering firstname and lastname/email : rakhithashetty
2020-08-15 18:20:44,908 :INFO : test_formSubmission :entering password as '123' 
2020-08-15 18:20:44,908 :INFO : test_formSubmission :entering password as '123' 
2020-08-15 18:20:46,992 :INFO : test_formSubmission :Selecting Gender
2020-08-15 18:20:46,992 :INFO : test_formSubmission :Selecting Gender
2020-08-15 18:20:56,884 :INFO : test_e2e :getting all the card titles
2020-08-15 18:20:56,922 :INFO : test_e2e :card name is :iphone X
2020-08-15 18:20:56,945 :INFO : test_e2e :card name is :Samsung Note 8
2020-08-15 18:20:56,968 :INFO : test_e2e :card name is :Nokia Edge
2020-08-15 18:20:56,991 :INFO : test_e2e :card name is :Blackberry
2020-08-15 18:21:05,266 :INFO : test_e2e :entering country name as India
2020-08-15 18:21:10,605 :INFO : test_e2e :verifying by searching for success word
2020-08-15 21:32:47,935 :INFO : test_e2e :getting all the card titles
2020-08-15 21:32:47,970 :INFO : test_e2e :card name is :iphone X
2020-08-15 21:32:47,992 :INFO : test_e2e :card name is :Samsung Note 8
2020-08-15 21:32:48,015 :INFO : test_e2e :card name is :Nokia Edge
2020-08-15 21:32:48,038 :INFO : test_e2e :card name is :Blackberry
2020-08-15 21:32:56,315 :INFO : test_e2e :entering country name as India
2020-08-15 21:33:01,648 :INFO : test_e2e :verifying by searching for success word
2020-08-15 21:56:06,247 :INFO : test_e2e :getting all the card titles
2020-08-15 21:56:06,282 :INFO : test_e2e :card name is :iphone X
2020-08-15 21:56:06,303 :INFO : test_e2e :card name is :Samsung Note 8
2020-08-15 21:56:06,325 :INFO : test_e2e :card name is :Nokia Edge
2020-08-15 21:56:06,348 :INFO : test_e2e :card name is :Blackberry
2020-08-15 21:56:14,592 :INFO : test_e2e :entering country name as India
2020-08-15 21:56:19,947 :INFO : test_e2e :verifying by searching for success word
2020-08-15 21:57:59,034 :INFO : test_e2e :getting all the card titles
2020-08-15 21:57:59,068 :INFO : test_e2e :card name is :iphone X
2020-08-15 21:57:59,090 :INFO : test_e2e :card name is :Samsung Note 8
2020-08-15 21:57:59,113 :INFO : test_e2e :card name is :Nokia Edge
2020-08-15 21:57:59,135 :INFO : test_e2e :card name is :Blackberry
2020-08-15 21:57:59,364 :INFO : test_e2e :entering country name as India
2020-08-15 21:58:04,873 :INFO : test_e2e :verifying by searching for success word
2020-08-15 21:58:17,051 :INFO : test_e2e :getting all the card titles
2020-08-15 21:58:17,085 :INFO : test_e2e :card name is :iphone X
2020-08-15 21:58:17,106 :INFO : test_e2e :card name is :Samsung Note 8
2020-08-15 21:58:17,128 :INFO : test_e2e :card name is :Nokia Edge
2020-08-15 21:58:17,151 :INFO : test_e2e :card name is :Blackberry
2020-08-15 21:58:17,379 :INFO : test_e2e :entering country name as India
2020-08-15 21:58:22,825 :INFO : test_e2e :verifying by searching for success word
2020-08-15 22:07:35,863 :INFO : test_e2e :getting all the card titles
2020-08-15 22:07:35,900 :INFO : test_e2e :card name is :iphone X
2020-08-15 22:07:35,920 :INFO : test_e2e :card name is :Samsung Note 8
2020-08-15 22:07:35,941 :INFO : test_e2e :card name is :Nokia Edge
2020-08-15 22:07:35,964 :INFO : test_e2e :card name is :Blackberry
2020-08-15 22:07:36,183 :INFO : test_e2e :entering country name as India
2020-08-15 22:07:41,664 :INFO : test_e2e :verifying by searching for success word
2020-08-15 22:43:08,438 :INFO : test_formSubmission :entering firstname and lastname/email : rakesheshwar
2020-08-15 22:43:08,602 :INFO : test_formSubmission :entering password as '123' 
2020-08-15 22:43:08,675 :INFO : test_formSubmission :Selecting Gender
2020-08-15 22:43:08,962 :INFO : test_formSubmission :entering firstname and lastname/email : rakhithashetty
2020-08-15 22:43:08,962 :INFO : test_formSubmission :entering firstname and lastname/email : rakhithashetty
2020-08-15 22:43:09,112 :INFO : test_formSubmission :entering password as '123' 
2020-08-15 22:43:09,112 :INFO : test_formSubmission :entering password as '123' 
2020-08-15 22:43:09,175 :INFO : test_formSubmission :Selecting Gender
2020-08-15 22:43:09,175 :INFO : test_formSubmission :Selecting Gender
